<?xml version="1.0" encoding="UTF-8"?>
<testsuite xmlns:xsi="http://www.w3.org/2001/XMLSchema-instance" xsi:noNamespaceSchemaLocation="https://maven.apache.org/surefire/maven-surefire-plugin/xsd/surefire-test-report.xsd" name="com.anantwave.EncryptionUtilsTest" time="0.722" tests="5" errors="2" skipped="0" failures="0">
  <properties>
    <property name="java.specification.version" value="17"/>
    <property name="sun.cpu.isalist" value="amd64"/>
    <property name="sun.jnu.encoding" value="Cp1252"/>
    <property name="java.class.path" value="C:\Code\Java\my-app\target\test-classes;C:\Code\Java\my-app\target\classes;C:\Users\ramki\.m2\repository\com\opencsv\opencsv\5.7.1\opencsv-5.7.1.jar;C:\Users\ramki\.m2\repository\org\apache\commons\commons-lang3\3.12.0\commons-lang3-3.12.0.jar;C:\Users\ramki\.m2\repository\org\apache\commons\commons-text\1.10.0\commons-text-1.10.0.jar;C:\Users\ramki\.m2\repository\commons-beanutils\commons-beanutils\1.9.4\commons-beanutils-1.9.4.jar;C:\Users\ramki\.m2\repository\commons-collections\commons-collections\3.2.2\commons-collections-3.2.2.jar;C:\Users\ramki\.m2\repository\org\apache\commons\commons-collections4\4.4\commons-collections4-4.4.jar;C:\Users\ramki\.m2\repository\com\mysql\mysql-connector-j\8.0.33\mysql-connector-j-8.0.33.jar;C:\Users\ramki\.m2\repository\com\google\protobuf\protobuf-java\3.21.9\protobuf-java-3.21.9.jar;C:\Users\ramki\.m2\repository\junit\junit\4.11\junit-4.11.jar;C:\Users\ramki\.m2\repository\org\hamcrest\hamcrest-core\1.3\hamcrest-core-1.3.jar;C:\Users\ramki\.m2\repository\com\google\cloud\google-cloud-kms\2.6.0\google-cloud-kms-2.6.0.jar;C:\Users\ramki\.m2\repository\io\grpc\grpc-api\1.47.0\grpc-api-1.47.0.jar;C:\Users\ramki\.m2\repository\io\grpc\grpc-context\1.47.0\grpc-context-1.47.0.jar;C:\Users\ramki\.m2\repository\com\google\code\findbugs\jsr305\3.0.2\jsr305-3.0.2.jar;C:\Users\ramki\.m2\repository\com\google\errorprone\error_prone_annotations\2.14.0\error_prone_annotations-2.14.0.jar;C:\Users\ramki\.m2\repository\io\grpc\grpc-stub\1.47.0\grpc-stub-1.47.0.jar;C:\Users\ramki\.m2\repository\io\grpc\grpc-protobuf\1.47.0\grpc-protobuf-1.47.0.jar;C:\Users\ramki\.m2\repository\io\grpc\grpc-protobuf-lite\1.47.0\grpc-protobuf-lite-1.47.0.jar;C:\Users\ramki\.m2\repository\com\google\api\api-common\2.2.1\api-common-2.2.1.jar;C:\Users\ramki\.m2\repository\javax\annotation\javax.annotation-api\1.3.2\javax.annotation-api-1.3.2.jar;C:\Users\ramki\.m2\repository\com\google\api\grpc\proto-google-common-protos\2.9.0\proto-google-common-protos-2.9.0.jar;C:\Users\ramki\.m2\repository\com\google\api\grpc\proto-google-cloud-kms-v1\0.97.0\proto-google-cloud-kms-v1-0.97.0.jar;C:\Users\ramki\.m2\repository\com\google\guava\guava\31.1-jre\guava-31.1-jre.jar;C:\Users\ramki\.m2\repository\com\google\guava\failureaccess\1.0.1\failureaccess-1.0.1.jar;C:\Users\ramki\.m2\repository\com\google\guava\listenablefuture\9999.0-empty-to-avoid-conflict-with-guava\listenablefuture-9999.0-empty-to-avoid-conflict-with-guava.jar;C:\Users\ramki\.m2\repository\org\checkerframework\checker-qual\3.22.2\checker-qual-3.22.2.jar;C:\Users\ramki\.m2\repository\com\google\j2objc\j2objc-annotations\1.3\j2objc-annotations-1.3.jar;C:\Users\ramki\.m2\repository\com\google\api\gax\2.18.2\gax-2.18.2.jar;C:\Users\ramki\.m2\repository\com\google\auth\google-auth-library-credentials\1.7.0\google-auth-library-credentials-1.7.0.jar;C:\Users\ramki\.m2\repository\com\google\api\gax-grpc\2.18.2\gax-grpc-2.18.2.jar;C:\Users\ramki\.m2\repository\io\grpc\grpc-alts\1.47.0\grpc-alts-1.47.0.jar;C:\Users\ramki\.m2\repository\io\grpc\grpc-grpclb\1.47.0\grpc-grpclb-1.47.0.jar;C:\Users\ramki\.m2\repository\org\conscrypt\conscrypt-openjdk-uber\2.5.1\conscrypt-openjdk-uber-2.5.1.jar;C:\Users\ramki\.m2\repository\io\grpc\grpc-netty-shaded\1.47.0\grpc-netty-shaded-1.47.0.jar;C:\Users\ramki\.m2\repository\io\perfmark\perfmark-api\0.25.0\perfmark-api-0.25.0.jar;C:\Users\ramki\.m2\repository\io\grpc\grpc-core\1.47.0\grpc-core-1.47.0.jar;C:\Users\ramki\.m2\repository\com\google\android\annotations\4.1.1.4\annotations-4.1.1.4.jar;C:\Users\ramki\.m2\repository\org\codehaus\mojo\animal-sniffer-annotations\1.21\animal-sniffer-annotations-1.21.jar;C:\Users\ramki\.m2\repository\io\grpc\grpc-googleapis\1.47.0\grpc-googleapis-1.47.0.jar;C:\Users\ramki\.m2\repository\io\grpc\grpc-xds\1.47.0\grpc-xds-1.47.0.jar;C:\Users\ramki\.m2\repository\io\grpc\grpc-services\1.47.0\grpc-services-1.47.0.jar;C:\Users\ramki\.m2\repository\com\google\re2j\re2j\1.5\re2j-1.5.jar;C:\Users\ramki\.m2\repository\org\bouncycastle\bcpkix-jdk15on\1.67\bcpkix-jdk15on-1.67.jar;C:\Users\ramki\.m2\repository\org\bouncycastle\bcprov-jdk15on\1.67\bcprov-jdk15on-1.67.jar;C:\Users\ramki\.m2\repository\io\opencensus\opencensus-proto\0.2.0\opencensus-proto-0.2.0.jar;C:\Users\ramki\.m2\repository\com\google\api\gax-httpjson\0.103.2\gax-httpjson-0.103.2.jar;C:\Users\ramki\.m2\repository\com\google\code\gson\gson\2.9.0\gson-2.9.0.jar;C:\Users\ramki\.m2\repository\com\google\http-client\google-http-client\1.42.0\google-http-client-1.42.0.jar;C:\Users\ramki\.m2\repository\org\apache\httpcomponents\httpclient\4.5.13\httpclient-4.5.13.jar;C:\Users\ramki\.m2\repository\commons-logging\commons-logging\1.2\commons-logging-1.2.jar;C:\Users\ramki\.m2\repository\commons-codec\commons-codec\1.15\commons-codec-1.15.jar;C:\Users\ramki\.m2\repository\org\apache\httpcomponents\httpcore\4.4.15\httpcore-4.4.15.jar;C:\Users\ramki\.m2\repository\io\opencensus\opencensus-api\0.31.1\opencensus-api-0.31.1.jar;C:\Users\ramki\.m2\repository\io\opencensus\opencensus-contrib-http-util\0.31.1\opencensus-contrib-http-util-0.31.1.jar;C:\Users\ramki\.m2\repository\com\google\protobuf\protobuf-java-util\3.21.1\protobuf-java-util-3.21.1.jar;C:\Users\ramki\.m2\repository\org\threeten\threetenbp\1.6.0\threetenbp-1.6.0.jar;C:\Users\ramki\.m2\repository\io\grpc\grpc-auth\1.47.0\grpc-auth-1.47.0.jar;C:\Users\ramki\.m2\repository\com\google\api\grpc\proto-google-iam-v1\1.4.1\proto-google-iam-v1-1.4.1.jar;C:\Users\ramki\.m2\repository\com\google\auth\google-auth-library-oauth2-http\1.7.0\google-auth-library-oauth2-http-1.7.0.jar;C:\Users\ramki\.m2\repository\com\google\auto\value\auto-value-annotations\1.9\auto-value-annotations-1.9.jar;C:\Users\ramki\.m2\repository\com\google\http-client\google-http-client-gson\1.42.0\google-http-client-gson-1.42.0.jar;C:\Users\ramki\.m2\repository\org\mockito\mockito-core\3.7.7\mockito-core-3.7.7.jar;C:\Users\ramki\.m2\repository\net\bytebuddy\byte-buddy\1.10.19\byte-buddy-1.10.19.jar;C:\Users\ramki\.m2\repository\net\bytebuddy\byte-buddy-agent\1.10.19\byte-buddy-agent-1.10.19.jar;C:\Users\ramki\.m2\repository\org\objenesis\objenesis\3.1\objenesis-3.1.jar;"/>
    <property name="java.vm.vendor" value="Eclipse Adoptium"/>
    <property name="sun.arch.data.model" value="64"/>
    <property name="user.variant" value=""/>
    <property name="java.vendor.url" value="https://adoptium.net/"/>
    <property name="user.timezone" value="Asia/Calcutta"/>
    <property name="os.name" value="Windows 11"/>
    <property name="java.vm.specification.version" value="17"/>
    <property name="sun.java.launcher" value="SUN_STANDARD"/>
    <property name="user.country" value="US"/>
    <property name="sun.boot.library.path" value="C:\Users\ramki\AppData\Local\Programs\Eclipse Adoptium\jdk-17.0.11.9-hotspot\bin"/>
    <property name="sun.java.command" value="C:\Users\ramki\AppData\Local\Temp\surefire3232510380527220086\surefirebooter6858684780368705090.jar C:\Users\ramki\AppData\Local\Temp\surefire3232510380527220086 2025-04-12T16-57-51_605-jvmRun1 surefire698128464326082266tmp surefire_014996674781848197257tmp"/>
    <property name="jdk.debug" value="release"/>
    <property name="surefire.test.class.path" value="C:\Code\Java\my-app\target\test-classes;C:\Code\Java\my-app\target\classes;C:\Users\ramki\.m2\repository\com\opencsv\opencsv\5.7.1\opencsv-5.7.1.jar;C:\Users\ramki\.m2\repository\org\apache\commons\commons-lang3\3.12.0\commons-lang3-3.12.0.jar;C:\Users\ramki\.m2\repository\org\apache\commons\commons-text\1.10.0\commons-text-1.10.0.jar;C:\Users\ramki\.m2\repository\commons-beanutils\commons-beanutils\1.9.4\commons-beanutils-1.9.4.jar;C:\Users\ramki\.m2\repository\commons-collections\commons-collections\3.2.2\commons-collections-3.2.2.jar;C:\Users\ramki\.m2\repository\org\apache\commons\commons-collections4\4.4\commons-collections4-4.4.jar;C:\Users\ramki\.m2\repository\com\mysql\mysql-connector-j\8.0.33\mysql-connector-j-8.0.33.jar;C:\Users\ramki\.m2\repository\com\google\protobuf\protobuf-java\3.21.9\protobuf-java-3.21.9.jar;C:\Users\ramki\.m2\repository\junit\junit\4.11\junit-4.11.jar;C:\Users\ramki\.m2\repository\org\hamcrest\hamcrest-core\1.3\hamcrest-core-1.3.jar;C:\Users\ramki\.m2\repository\com\google\cloud\google-cloud-kms\2.6.0\google-cloud-kms-2.6.0.jar;C:\Users\ramki\.m2\repository\io\grpc\grpc-api\1.47.0\grpc-api-1.47.0.jar;C:\Users\ramki\.m2\repository\io\grpc\grpc-context\1.47.0\grpc-context-1.47.0.jar;C:\Users\ramki\.m2\repository\com\google\code\findbugs\jsr305\3.0.2\jsr305-3.0.2.jar;C:\Users\ramki\.m2\repository\com\google\errorprone\error_prone_annotations\2.14.0\error_prone_annotations-2.14.0.jar;C:\Users\ramki\.m2\repository\io\grpc\grpc-stub\1.47.0\grpc-stub-1.47.0.jar;C:\Users\ramki\.m2\repository\io\grpc\grpc-protobuf\1.47.0\grpc-protobuf-1.47.0.jar;C:\Users\ramki\.m2\repository\io\grpc\grpc-protobuf-lite\1.47.0\grpc-protobuf-lite-1.47.0.jar;C:\Users\ramki\.m2\repository\com\google\api\api-common\2.2.1\api-common-2.2.1.jar;C:\Users\ramki\.m2\repository\javax\annotation\javax.annotation-api\1.3.2\javax.annotation-api-1.3.2.jar;C:\Users\ramki\.m2\repository\com\google\api\grpc\proto-google-common-protos\2.9.0\proto-google-common-protos-2.9.0.jar;C:\Users\ramki\.m2\repository\com\google\api\grpc\proto-google-cloud-kms-v1\0.97.0\proto-google-cloud-kms-v1-0.97.0.jar;C:\Users\ramki\.m2\repository\com\google\guava\guava\31.1-jre\guava-31.1-jre.jar;C:\Users\ramki\.m2\repository\com\google\guava\failureaccess\1.0.1\failureaccess-1.0.1.jar;C:\Users\ramki\.m2\repository\com\google\guava\listenablefuture\9999.0-empty-to-avoid-conflict-with-guava\listenablefuture-9999.0-empty-to-avoid-conflict-with-guava.jar;C:\Users\ramki\.m2\repository\org\checkerframework\checker-qual\3.22.2\checker-qual-3.22.2.jar;C:\Users\ramki\.m2\repository\com\google\j2objc\j2objc-annotations\1.3\j2objc-annotations-1.3.jar;C:\Users\ramki\.m2\repository\com\google\api\gax\2.18.2\gax-2.18.2.jar;C:\Users\ramki\.m2\repository\com\google\auth\google-auth-library-credentials\1.7.0\google-auth-library-credentials-1.7.0.jar;C:\Users\ramki\.m2\repository\com\google\api\gax-grpc\2.18.2\gax-grpc-2.18.2.jar;C:\Users\ramki\.m2\repository\io\grpc\grpc-alts\1.47.0\grpc-alts-1.47.0.jar;C:\Users\ramki\.m2\repository\io\grpc\grpc-grpclb\1.47.0\grpc-grpclb-1.47.0.jar;C:\Users\ramki\.m2\repository\org\conscrypt\conscrypt-openjdk-uber\2.5.1\conscrypt-openjdk-uber-2.5.1.jar;C:\Users\ramki\.m2\repository\io\grpc\grpc-netty-shaded\1.47.0\grpc-netty-shaded-1.47.0.jar;C:\Users\ramki\.m2\repository\io\perfmark\perfmark-api\0.25.0\perfmark-api-0.25.0.jar;C:\Users\ramki\.m2\repository\io\grpc\grpc-core\1.47.0\grpc-core-1.47.0.jar;C:\Users\ramki\.m2\repository\com\google\android\annotations\4.1.1.4\annotations-4.1.1.4.jar;C:\Users\ramki\.m2\repository\org\codehaus\mojo\animal-sniffer-annotations\1.21\animal-sniffer-annotations-1.21.jar;C:\Users\ramki\.m2\repository\io\grpc\grpc-googleapis\1.47.0\grpc-googleapis-1.47.0.jar;C:\Users\ramki\.m2\repository\io\grpc\grpc-xds\1.47.0\grpc-xds-1.47.0.jar;C:\Users\ramki\.m2\repository\io\grpc\grpc-services\1.47.0\grpc-services-1.47.0.jar;C:\Users\ramki\.m2\repository\com\google\re2j\re2j\1.5\re2j-1.5.jar;C:\Users\ramki\.m2\repository\org\bouncycastle\bcpkix-jdk15on\1.67\bcpkix-jdk15on-1.67.jar;C:\Users\ramki\.m2\repository\org\bouncycastle\bcprov-jdk15on\1.67\bcprov-jdk15on-1.67.jar;C:\Users\ramki\.m2\repository\io\opencensus\opencensus-proto\0.2.0\opencensus-proto-0.2.0.jar;C:\Users\ramki\.m2\repository\com\google\api\gax-httpjson\0.103.2\gax-httpjson-0.103.2.jar;C:\Users\ramki\.m2\repository\com\google\code\gson\gson\2.9.0\gson-2.9.0.jar;C:\Users\ramki\.m2\repository\com\google\http-client\google-http-client\1.42.0\google-http-client-1.42.0.jar;C:\Users\ramki\.m2\repository\org\apache\httpcomponents\httpclient\4.5.13\httpclient-4.5.13.jar;C:\Users\ramki\.m2\repository\commons-logging\commons-logging\1.2\commons-logging-1.2.jar;C:\Users\ramki\.m2\repository\commons-codec\commons-codec\1.15\commons-codec-1.15.jar;C:\Users\ramki\.m2\repository\org\apache\httpcomponents\httpcore\4.4.15\httpcore-4.4.15.jar;C:\Users\ramki\.m2\repository\io\opencensus\opencensus-api\0.31.1\opencensus-api-0.31.1.jar;C:\Users\ramki\.m2\repository\io\opencensus\opencensus-contrib-http-util\0.31.1\opencensus-contrib-http-util-0.31.1.jar;C:\Users\ramki\.m2\repository\com\google\protobuf\protobuf-java-util\3.21.1\protobuf-java-util-3.21.1.jar;C:\Users\ramki\.m2\repository\org\threeten\threetenbp\1.6.0\threetenbp-1.6.0.jar;C:\Users\ramki\.m2\repository\io\grpc\grpc-auth\1.47.0\grpc-auth-1.47.0.jar;C:\Users\ramki\.m2\repository\com\google\api\grpc\proto-google-iam-v1\1.4.1\proto-google-iam-v1-1.4.1.jar;C:\Users\ramki\.m2\repository\com\google\auth\google-auth-library-oauth2-http\1.7.0\google-auth-library-oauth2-http-1.7.0.jar;C:\Users\ramki\.m2\repository\com\google\auto\value\auto-value-annotations\1.9\auto-value-annotations-1.9.jar;C:\Users\ramki\.m2\repository\com\google\http-client\google-http-client-gson\1.42.0\google-http-client-gson-1.42.0.jar;C:\Users\ramki\.m2\repository\org\mockito\mockito-core\3.7.7\mockito-core-3.7.7.jar;C:\Users\ramki\.m2\repository\net\bytebuddy\byte-buddy\1.10.19\byte-buddy-1.10.19.jar;C:\Users\ramki\.m2\repository\net\bytebuddy\byte-buddy-agent\1.10.19\byte-buddy-agent-1.10.19.jar;C:\Users\ramki\.m2\repository\org\objenesis\objenesis\3.1\objenesis-3.1.jar;"/>
    <property name="sun.cpu.endian" value="little"/>
    <property name="user.home" value="C:\Users\ramki"/>
    <property name="user.language" value="en"/>
    <property name="java.specification.vendor" value="Oracle Corporation"/>
    <property name="java.version.date" value="2024-04-16"/>
    <property name="java.home" value="C:\Users\ramki\AppData\Local\Programs\Eclipse Adoptium\jdk-17.0.11.9-hotspot"/>
    <property name="file.separator" value="\"/>
    <property name="basedir" value="C:\Code\Java\my-app"/>
    <property name="java.vm.compressedOopsMode" value="Zero based"/>
    <property name="line.separator" value="&#10;"/>
    <property name="java.vm.specification.vendor" value="Oracle Corporation"/>
    <property name="java.specification.name" value="Java Platform API Specification"/>
    <property name="surefire.real.class.path" value="C:\Users\ramki\AppData\Local\Temp\surefire3232510380527220086\surefirebooter6858684780368705090.jar"/>
    <property name="user.script" value=""/>
    <property name="sun.management.compiler" value="HotSpot 64-Bit Tiered Compilers"/>
    <property name="java.runtime.version" value="17.0.11+9"/>
    <property name="user.name" value="ramki"/>
    <property name="path.separator" value=";"/>
    <property name="os.version" value="10.0"/>
    <property name="java.runtime.name" value="OpenJDK Runtime Environment"/>
    <property name="file.encoding" value="Cp1252"/>
    <property name="java.vm.name" value="OpenJDK 64-Bit Server VM"/>
    <property name="java.vendor.version" value="Temurin-17.0.11+9"/>
    <property name="localRepository" value="C:\Users\ramki\.m2\repository"/>
    <property name="java.vendor.url.bug" value="https://github.com/adoptium/adoptium-support/issues"/>
    <property name="java.io.tmpdir" value="C:\Users\ramki\AppData\Local\Temp\"/>
    <property name="java.version" value="17.0.11"/>
    <property name="user.dir" value="C:\Code\Java\my-app"/>
    <property name="os.arch" value="amd64"/>
    <property name="java.vm.specification.name" value="Java Virtual Machine Specification"/>
    <property name="sun.os.patch.level" value=""/>
    <property name="native.encoding" value="Cp1252"/>
    <property name="java.library.path" value="C:\Users\ramki\AppData\Local\Programs\Eclipse Adoptium\jdk-17.0.11.9-hotspot\bin;C:\WINDOWS\Sun\Java\bin;C:\WINDOWS\system32;C:\WINDOWS;C:\Users\ramki\anaconda3;C:\Users\ramki\anaconda3\Library\mingw-w64\bin;C:\Users\ramki\anaconda3\Library\usr\bin;C:\Users\ramki\anaconda3\Library\bin;C:\Users\ramki\anaconda3\Scripts;C:\Users\ramki\anaconda3\bin;C:\Users\ramki\anaconda3\condabin;C:\Program Files (x86)\CodeBlocks\MinGW\bin;C:\Python312\Scripts;C:\Python312;C:\Program Files (x86)\VMware\VMware Player\bin;C:\WINDOWS\system32;C:\WINDOWS;C:\WINDOWS\System32\Wbem;C:\WINDOWS\System32\WindowsPowerShell\v1.0;C:\WINDOWS\System32\OpenSSH;C:\msys64\ucrt64\bin;C:\Program Files\Git\cmd;C:\Program Files\nodejs;C:\ProgramData\chocolatey\bin;C:\Program Files\Apache\Maven\bin;C:\Program Files\protoc-3.17.3-win64\bin;C:\Program Files\protoc-3.17.3-win64\bin;.;C:\Program Files\Docker\Docker\resources\bin;C:\Program Files\Cloudflare\Cloudflare WARP;C:\minikube;C:\Program Files\MySQL\MySQL Shell 8.0\bin;C:\Users\ramki\AppData\Local\Programs\Eclipse Adoptium\jdk-17.0.11.9-hotspot\bin;C:\Users\ramki\AppData\Local\Microsoft\WindowsApps;C:\Users\ramki\AppData\Local\Programs\Microsoft VS Code\bin;C:\msys64\ucrt64\bin;C:\Users\ramki\AppData\Local\Microsoft\WinGet\Packages\Schniz.fnm_Microsoft.Winget.Source_8wekyb3d8bbwe;C:\Users\ramki\AppData\Roaming\npm;C:\modeltech64_10.6d\win64;C:\Users\ramki\anaconda3\Scripts;C:\Users\ramki\anaconda3;.;."/>
    <property name="java.vm.info" value="mixed mode, sharing"/>
    <property name="java.vendor" value="Eclipse Adoptium"/>
    <property name="java.vm.version" value="17.0.11+9"/>
    <property name="sun.io.unicode.encoding" value="UnicodeLittle"/>
    <property name="java.class.version" value="61.0"/>
  </properties>
  <testcase name="testEncryptionWithValidKey" classname="com.anantwave.EncryptionUtilsTest" time="0.118"/>
  <testcase name="testGenerateAESKey" classname="com.anantwave.EncryptionUtilsTest" time="0"/>
  <testcase name="testEncryptAndDecrypt" classname="com.anantwave.EncryptionUtilsTest" time="0.001"/>
  <testcase name="testDecryptAESKeyWithKMS" classname="com.anantwave.EncryptionUtilsTest" time="0.601">
    <error message="&#10;Cannot mock/spy class com.google.cloud.kms.v1.DecryptResponse&#10;Mockito cannot mock/spy because :&#10; - final class" type="org.mockito.exceptions.base.MockitoException">org.mockito.exceptions.base.MockitoException: 

Cannot mock/spy class com.google.cloud.kms.v1.DecryptResponse
Mockito cannot mock/spy because :
 - final class
	at com.anantwave.EncryptionUtilsTest.testDecryptAESKeyWithKMS(EncryptionUtilsTest.java:70)
</error>
  </testcase>
  <testcase name="testEncryptAESKeyWithKMS" classname="com.anantwave.EncryptionUtilsTest" time="0">
    <error message="&#10;Cannot mock/spy class com.google.cloud.kms.v1.EncryptResponse&#10;Mockito cannot mock/spy because :&#10; - final class" type="org.mockito.exceptions.base.MockitoException">org.mockito.exceptions.base.MockitoException: 

Cannot mock/spy class com.google.cloud.kms.v1.EncryptResponse
Mockito cannot mock/spy because :
 - final class
	at com.anantwave.EncryptionUtilsTest.testEncryptAESKeyWithKMS(EncryptionUtilsTest.java:52)
</error>
  </testcase>
</testsuite>